PWA Sync started at 2025-04-18 09:36:27
Found 40 active protocols
Found 14 categories
Generated cache manifest with 74 URLs
Updated service worker cache version
PWA Sync completed successfully at 2025-04-18 09:36:27
PWA Sync started at 2025-04-18 09:46:47
Found 40 active protocols
Found 14 categories
Generated cache manifest with 74 URLs
Updated service worker cache version
PWA Sync completed successfully at 2025-04-18 09:46:47
PWA Sync started at 2025-04-18 09:51:10
Found 40 active protocols
Found 14 categories
Generated cache manifest with 74 URLs
Updated service worker cache version
PWA Sync completed successfully at 2025-04-18 09:51:10
PWA Sync started at 2025-04-18 14:57:53
Found 40 active protocols
Found 14 categories
Generated cache manifest with 74 URLs
Updated service worker cache version
PWA Sync completed successfully at 2025-04-18 14:57:53
PWA Sync started at 2025-04-18 16:30:41
Found 40 active protocols
Found 14 categories
Generated cache manifest with 74 URLs
Updated service worker cache version
PWA Sync completed successfully at 2025-04-18 16:30:41
PWA Sync started at 2025-04-18 17:42:08
Found 40 active protocols
Found 14 categories
Generated cache manifest with 74 URLs
Updated service worker cache version
PWA Sync completed successfully at 2025-04-18 17:42:08
PWA Sync started at 2025-04-18 17:53:54
Found 41 active protocols
Found 15 categories
Generated cache manifest with 76 URLs
Updated service worker cache version
PWA Sync completed successfully at 2025-04-18 17:53:54
PWA Sync started at 2025-04-19 15:24:52
Found 40 active protocols
Found 14 categories
Generated cache manifest with 74 URLs
Updated service worker cache version
PWA Sync completed successfully at 2025-04-19 15:24:52
PWA Sync started at 2025-04-20 23:22:33
Found 40 active protocols
Found 14 categories
Generated cache manifest with 74 URLs
Updated service worker cache version
PWA Sync completed successfully at 2025-04-20 23:22:33
PWA Sync started at 2025-04-24 09:15:10
Found 44 active protocols
Found 14 categories
Generated cache manifest with 78 URLs
Updated service worker cache version
PWA Sync completed successfully at 2025-04-24 09:15:10
PWA Sync started at 2025-04-24 09:19:32
Found 44 active protocols
Found 14 categories
Generated cache manifest with 78 URLs
Updated service worker cache version
PWA Sync completed successfully at 2025-04-24 09:19:32
PWA Sync started at 2025-05-05 12:02:15
Found 58 active protocols
Found 14 categories
Generated cache manifest with 92 URLs
Updated service worker cache version
PWA Sync completed successfully at 2025-05-05 12:02:15
